m:\arduino\robotic arm\sw\backgammonlib\x64\debug\vc143.pdb
m:\arduino\robotic arm\sw\backgammonlib\x64\debug\vc143.idb
m:\arduino\robotic arm\sw\backgammonlib\x64\debug\utils2.obj
m:\arduino\robotic arm\sw\backgammonlib\x64\debug\trainer2.obj
m:\arduino\robotic arm\sw\backgammonlib\x64\debug\pch.obj
m:\arduino\robotic arm\sw\backgammonlib\x64\debug\mtwister2.obj
m:\arduino\robotic arm\sw\backgammonlib\x64\debug\ai2.obj
m:\arduino\robotic arm\sw\backgammonlib\x64\debug\gamerunner.obj
m:\arduino\robotic arm\sw\backgammonlib\x64\debug\backgammoncppapp.obj
m:\arduino\robotic arm\sw\backgammonlib\x64\debug\game2.obj
m:\arduino\robotic arm\sw\backgammonlib\x64\debug\backgammoncppapp.lib
m:\arduino\robotic arm\sw\backgammonlib\x64\debug\backgammoncppapp.exp
m:\arduino\robotic arm\sw\backgammonlib\x64\debug\backgammoncppapp.exe
m:\arduino\robotic arm\sw\backgammonlib\x64\debug\backgammoncppapp.ilk
m:\arduino\robotic arm\sw\backgammonlib\x64\debug\backgammoncppapp.pdb
m:\arduino\robotic arm\sw\backgammonlib\x64\debug\dllmain.obj
m:\arduino\robotic arm\sw\backgammonlib\x64\debug\hash2.obj
m:\arduino\robotic arm\sw\backgammonlib\x64\debug\backgammonlib.ilk
m:\arduino\robotic arm\sw\backgammonlib\x64\debug\backgammonlib.pch
m:\arduino\robotic arm\sw\backgammonlib\x64\debug\backgammonlib.exp
m:\arduino\robotic arm\sw\backgammonlib\x64\debug\backgammonlib.pdb
m:\arduino\robotic arm\sw\backgammonlib\x64\debug\backgammoncppapp.tlog\cl.command.1.tlog
m:\arduino\robotic arm\sw\backgammonlib\x64\debug\backgammoncppapp.tlog\cl.read.1.tlog
m:\arduino\robotic arm\sw\backgammonlib\x64\debug\backgammoncppapp.tlog\cl.write.1.tlog
m:\arduino\robotic arm\sw\backgammonlib\x64\debug\backgammoncppapp.tlog\link.command.1.tlog
m:\arduino\robotic arm\sw\backgammonlib\x64\debug\backgammoncppapp.tlog\link.read.1.tlog
m:\arduino\robotic arm\sw\backgammonlib\x64\debug\backgammoncppapp.tlog\link.write.1.tlog
m:\arduino\robotic arm\sw\backgammonlib\x64\debug\backgammoncppapp.tlog\link.write.2u.tlog
